INFO: checking out_of_order...
INFO:     out_of_order check complete (0.000336 sec).
INFO: checking system...
INFO:     system check complete (0.000009 sec).
INFO: checking solvers...
INFO:     solvers check complete (0.000079 sec).
INFO: checking dup_inputs...
INFO:     dup_inputs check complete (0.000344 sec).
INFO: checking missing_recorders...
INFO:     missing_recorders check complete (0.000002 sec).
INFO: checking unserializable_options...
INFO:     unserializable_options check complete (0.000157 sec).
INFO: checking comp_has_no_outputs...
INFO:     comp_has_no_outputs check complete (0.000022 sec).
INFO: checking auto_ivc_warnings...
INFO:     auto_ivc_warnings check complete (0.000002 sec).
INFO: checking out_of_order...
INFO:     out_of_order check complete (0.000091 sec).
INFO: checking system...
INFO:     system check complete (0.000007 sec).
INFO: checking solvers...
INFO:     solvers check complete (0.000096 sec).
INFO: checking dup_inputs...
INFO:     dup_inputs check complete (0.000019 sec).
INFO: checking missing_recorders...
INFO:     missing_recorders check complete (0.000003 sec).
INFO: checking unserializable_options...
INFO:     unserializable_options check complete (0.000096 sec).
INFO: checking comp_has_no_outputs...
INFO:     comp_has_no_outputs check complete (0.000024 sec).
INFO: checking auto_ivc_warnings...
INFO:     auto_ivc_warnings check complete (0.000001 sec).
INFO: checking out_of_order...
INFO:     out_of_order check complete (0.000147 sec).
INFO: checking system...
INFO:     system check complete (0.000010 sec).
INFO: checking solvers...
INFO:     solvers check complete (0.000076 sec).
INFO: checking dup_inputs...
INFO:     dup_inputs check complete (0.000019 sec).
INFO: checking missing_recorders...
INFO:     missing_recorders check complete (0.000002 sec).
INFO: checking unserializable_options...
INFO:     unserializable_options check complete (0.000111 sec).
INFO: checking comp_has_no_outputs...
INFO:     comp_has_no_outputs check complete (0.000020 sec).
INFO: checking auto_ivc_warnings...
INFO:     auto_ivc_warnings check complete (0.000001 sec).
INFO: checking out_of_order...
INFO:     out_of_order check complete (0.000086 sec).
INFO: checking system...
INFO:     system check complete (0.000006 sec).
INFO: checking solvers...
INFO:     solvers check complete (0.000061 sec).
INFO: checking dup_inputs...
INFO:     dup_inputs check complete (0.000017 sec).
INFO: checking missing_recorders...
INFO:     missing_recorders check complete (0.000002 sec).
INFO: checking unserializable_options...
INFO:     unserializable_options check complete (0.000085 sec).
INFO: checking comp_has_no_outputs...
INFO:     comp_has_no_outputs check complete (0.000016 sec).
INFO: checking auto_ivc_warnings...
INFO:     auto_ivc_warnings check complete (0.000001 sec).
INFO: checking out_of_order...
INFO:     out_of_order check complete (0.000122 sec).
INFO: checking system...
INFO:     system check complete (0.000009 sec).
INFO: checking solvers...
INFO:     solvers check complete (0.000076 sec).
INFO: checking dup_inputs...
INFO:     dup_inputs check complete (0.000029 sec).
INFO: checking missing_recorders...
INFO:     missing_recorders check complete (0.000002 sec).
INFO: checking unserializable_options...
INFO:     unserializable_options check complete (0.000092 sec).
INFO: checking comp_has_no_outputs...
INFO:     comp_has_no_outputs check complete (0.000022 sec).
INFO: checking auto_ivc_warnings...
INFO:     auto_ivc_warnings check complete (0.000001 sec).
INFO: checking out_of_order...
INFO:     out_of_order check complete (0.000082 sec).
INFO: checking system...
INFO:     system check complete (0.000010 sec).
INFO: checking solvers...
INFO:     solvers check complete (0.000065 sec).
INFO: checking dup_inputs...
INFO:     dup_inputs check complete (0.000017 sec).
INFO: checking missing_recorders...
INFO:     missing_recorders check complete (0.000002 sec).
INFO: checking unserializable_options...
INFO:     unserializable_options check complete (0.000092 sec).
INFO: checking comp_has_no_outputs...
INFO:     comp_has_no_outputs check complete (0.000019 sec).
INFO: checking auto_ivc_warnings...
INFO:     auto_ivc_warnings check complete (0.000001 sec).
INFO: checking out_of_order...
INFO:     out_of_order check complete (0.000152 sec).
INFO: checking system...
INFO:     system check complete (0.000015 sec).
INFO: checking solvers...
INFO:     solvers check complete (0.000086 sec).
INFO: checking dup_inputs...
INFO:     dup_inputs check complete (0.000020 sec).
INFO: checking missing_recorders...
INFO:     missing_recorders check complete (0.000003 sec).
INFO: checking unserializable_options...
INFO:     unserializable_options check complete (0.000107 sec).
INFO: checking comp_has_no_outputs...
INFO:     comp_has_no_outputs check complete (0.000022 sec).
INFO: checking auto_ivc_warnings...
INFO:     auto_ivc_warnings check complete (0.000003 sec).
INFO: checking out_of_order...
INFO:     out_of_order check complete (0.000107 sec).
INFO: checking system...
INFO:     system check complete (0.000009 sec).
INFO: checking solvers...
INFO:     solvers check complete (0.000114 sec).
INFO: checking dup_inputs...
INFO:     dup_inputs check complete (0.000019 sec).
INFO: checking missing_recorders...
INFO:     missing_recorders check complete (0.000003 sec).
INFO: checking unserializable_options...
INFO:     unserializable_options check complete (0.000126 sec).
INFO: checking comp_has_no_outputs...
INFO:     comp_has_no_outputs check complete (0.000036 sec).
INFO: checking auto_ivc_warnings...
INFO:     auto_ivc_warnings check complete (0.000002 sec).
INFO: checking out_of_order...
INFO:     out_of_order check complete (0.000142 sec).
INFO: checking system...
INFO:     system check complete (0.000011 sec).
INFO: checking solvers...
INFO:     solvers check complete (0.000078 sec).
INFO: checking dup_inputs...
INFO:     dup_inputs check complete (0.000018 sec).
INFO: checking missing_recorders...
INFO:     missing_recorders check complete (0.000002 sec).
INFO: checking unserializable_options...
INFO:     unserializable_options check complete (0.000119 sec).
INFO: checking comp_has_no_outputs...
INFO:     comp_has_no_outputs check complete (0.000022 sec).
INFO: checking auto_ivc_warnings...
INFO:     auto_ivc_warnings check complete (0.000001 sec).
INFO: checking out_of_order...
INFO:     out_of_order check complete (0.000084 sec).
INFO: checking system...
INFO:     system check complete (0.000007 sec).
INFO: checking solvers...
INFO:     solvers check complete (0.000065 sec).
INFO: checking dup_inputs...
INFO:     dup_inputs check complete (0.000021 sec).
INFO: checking missing_recorders...
INFO:     missing_recorders check complete (0.000004 sec).
INFO: checking unserializable_options...
INFO:     unserializable_options check complete (0.000085 sec).
INFO: checking comp_has_no_outputs...
INFO:     comp_has_no_outputs check complete (0.000016 sec).
INFO: checking auto_ivc_warnings...
INFO:     auto_ivc_warnings check complete (0.000001 sec).
INFO: checking out_of_order...
INFO:     out_of_order check complete (0.000133 sec).
INFO: checking system...
INFO:     system check complete (0.000011 sec).
INFO: checking solvers...
INFO:     solvers check complete (0.000081 sec).
INFO: checking dup_inputs...
INFO:     dup_inputs check complete (0.000026 sec).
INFO: checking missing_recorders...
INFO:     missing_recorders check complete (0.000002 sec).
INFO: checking unserializable_options...
INFO:     unserializable_options check complete (0.000102 sec).
INFO: checking comp_has_no_outputs...
INFO:     comp_has_no_outputs check complete (0.000021 sec).
INFO: checking auto_ivc_warnings...
INFO:     auto_ivc_warnings check complete (0.000001 sec).
INFO: checking out_of_order...
INFO:     out_of_order check complete (0.000091 sec).
INFO: checking system...
INFO:     system check complete (0.000011 sec).
INFO: checking solvers...
INFO:     solvers check complete (0.000064 sec).
INFO: checking dup_inputs...
INFO:     dup_inputs check complete (0.000019 sec).
INFO: checking missing_recorders...
INFO:     missing_recorders check complete (0.000003 sec).
INFO: checking unserializable_options...
INFO:     unserializable_options check complete (0.000102 sec).
INFO: checking comp_has_no_outputs...
INFO:     comp_has_no_outputs check complete (0.000017 sec).
INFO: checking auto_ivc_warnings...
INFO:     auto_ivc_warnings check complete (0.000001 sec).
INFO: checking out_of_order...
INFO:     out_of_order check complete (0.000111 sec).
INFO: checking system...
INFO:     system check complete (0.000009 sec).
INFO: checking solvers...
INFO:     solvers check complete (0.000077 sec).
INFO: checking dup_inputs...
INFO:     dup_inputs check complete (0.000018 sec).
INFO: checking missing_recorders...
INFO:     missing_recorders check complete (0.000002 sec).
INFO: checking unserializable_options...
INFO:     unserializable_options check complete (0.000096 sec).
INFO: checking comp_has_no_outputs...
INFO:     comp_has_no_outputs check complete (0.000017 sec).
INFO: checking auto_ivc_warnings...
INFO:     auto_ivc_warnings check complete (0.000001 sec).
INFO: checking out_of_order...
INFO:     out_of_order check complete (0.000071 sec).
INFO: checking system...
INFO:     system check complete (0.000007 sec).
INFO: checking solvers...
INFO:     solvers check complete (0.000058 sec).
INFO: checking dup_inputs...
INFO:     dup_inputs check complete (0.000018 sec).
INFO: checking missing_recorders...
INFO:     missing_recorders check complete (0.000001 sec).
INFO: checking unserializable_options...
INFO:     unserializable_options check complete (0.000084 sec).
INFO: checking comp_has_no_outputs...
INFO:     comp_has_no_outputs check complete (0.000015 sec).
INFO: checking auto_ivc_warnings...
INFO:     auto_ivc_warnings check complete (0.000001 sec).
INFO: checking out_of_order...
INFO:     out_of_order check complete (0.000128 sec).
INFO: checking system...
INFO:     system check complete (0.000010 sec).
INFO: checking solvers...
INFO:     solvers check complete (0.000076 sec).
INFO: checking dup_inputs...
INFO:     dup_inputs check complete (0.000019 sec).
INFO: checking missing_recorders...
INFO:     missing_recorders check complete (0.000003 sec).
INFO: checking unserializable_options...
INFO:     unserializable_options check complete (0.000105 sec).
INFO: checking comp_has_no_outputs...
INFO:     comp_has_no_outputs check complete (0.000020 sec).
INFO: checking auto_ivc_warnings...
INFO:     auto_ivc_warnings check complete (0.000001 sec).
INFO: checking out_of_order...
INFO:     out_of_order check complete (0.000081 sec).
INFO: checking system...
INFO:     system check complete (0.000008 sec).
INFO: checking solvers...
INFO:     solvers check complete (0.000055 sec).
INFO: checking dup_inputs...
INFO:     dup_inputs check complete (0.000017 sec).
INFO: checking missing_recorders...
INFO:     missing_recorders check complete (0.000001 sec).
INFO: checking unserializable_options...
INFO:     unserializable_options check complete (0.000072 sec).
INFO: checking comp_has_no_outputs...
INFO:     comp_has_no_outputs check complete (0.000014 sec).
INFO: checking auto_ivc_warnings...
INFO:     auto_ivc_warnings check complete (0.000001 sec).
INFO: checking out_of_order...
INFO:     out_of_order check complete (0.000119 sec).
INFO: checking system...
INFO:     system check complete (0.000012 sec).
INFO: checking solvers...
INFO:     solvers check complete (0.000075 sec).
INFO: checking dup_inputs...
INFO:     dup_inputs check complete (0.000019 sec).
INFO: checking missing_recorders...
INFO:     missing_recorders check complete (0.000002 sec).
INFO: checking unserializable_options...
INFO:     unserializable_options check complete (0.000094 sec).
INFO: checking comp_has_no_outputs...
INFO:     comp_has_no_outputs check complete (0.000020 sec).
INFO: checking auto_ivc_warnings...
INFO:     auto_ivc_warnings check complete (0.000001 sec).
INFO: checking out_of_order...
INFO:     out_of_order check complete (0.000080 sec).
INFO: checking system...
INFO:     system check complete (0.000006 sec).
INFO: checking solvers...
INFO:     solvers check complete (0.000073 sec).
INFO: checking dup_inputs...
INFO:     dup_inputs check complete (0.000018 sec).
INFO: checking missing_recorders...
INFO:     missing_recorders check complete (0.000002 sec).
INFO: checking unserializable_options...
INFO:     unserializable_options check complete (0.000126 sec).
INFO: checking comp_has_no_outputs...
INFO:     comp_has_no_outputs check complete (0.000019 sec).
INFO: checking auto_ivc_warnings...
INFO:     auto_ivc_warnings check complete (0.000001 sec).
INFO: checking out_of_order...
INFO:     out_of_order check complete (0.000116 sec).
INFO: checking system...
INFO:     system check complete (0.000011 sec).
INFO: checking solvers...
INFO:     solvers check complete (0.000074 sec).
INFO: checking dup_inputs...
INFO:     dup_inputs check complete (0.000018 sec).
INFO: checking missing_recorders...
INFO:     missing_recorders check complete (0.000002 sec).
INFO: checking unserializable_options...
INFO:     unserializable_options check complete (0.000088 sec).
INFO: checking comp_has_no_outputs...
INFO:     comp_has_no_outputs check complete (0.000017 sec).
INFO: checking auto_ivc_warnings...
INFO:     auto_ivc_warnings check complete (0.000001 sec).
INFO: checking out_of_order...
INFO:     out_of_order check complete (0.000074 sec).
INFO: checking system...
INFO:     system check complete (0.000006 sec).
INFO: checking solvers...
INFO:     solvers check complete (0.000057 sec).
INFO: checking dup_inputs...
INFO:     dup_inputs check complete (0.000016 sec).
INFO: checking missing_recorders...
INFO:     missing_recorders check complete (0.000001 sec).
INFO: checking unserializable_options...
INFO:     unserializable_options check complete (0.000072 sec).
INFO: checking comp_has_no_outputs...
INFO:     comp_has_no_outputs check complete (0.000015 sec).
INFO: checking auto_ivc_warnings...
INFO:     auto_ivc_warnings check complete (0.000001 sec).
INFO: checking out_of_order...
INFO:     out_of_order check complete (0.000126 sec).
INFO: checking system...
INFO:     system check complete (0.000010 sec).
INFO: checking solvers...
INFO:     solvers check complete (0.000077 sec).
INFO: checking dup_inputs...
INFO:     dup_inputs check complete (0.000018 sec).
INFO: checking missing_recorders...
INFO:     missing_recorders check complete (0.000003 sec).
INFO: checking unserializable_options...
INFO:     unserializable_options check complete (0.000099 sec).
INFO: checking comp_has_no_outputs...
INFO:     comp_has_no_outputs check complete (0.000018 sec).
INFO: checking auto_ivc_warnings...
INFO:     auto_ivc_warnings check complete (0.000001 sec).
INFO: checking out_of_order...
INFO:     out_of_order check complete (0.000076 sec).
INFO: checking system...
INFO:     system check complete (0.000006 sec).
INFO: checking solvers...
INFO:     solvers check complete (0.000052 sec).
INFO: checking dup_inputs...
INFO:     dup_inputs check complete (0.000017 sec).
INFO: checking missing_recorders...
INFO:     missing_recorders check complete (0.000001 sec).
INFO: checking unserializable_options...
INFO:     unserializable_options check complete (0.000066 sec).
INFO: checking comp_has_no_outputs...
INFO:     comp_has_no_outputs check complete (0.000014 sec).
INFO: checking auto_ivc_warnings...
INFO:     auto_ivc_warnings check complete (0.000001 sec).
INFO: checking out_of_order...
INFO:     out_of_order check complete (0.000122 sec).
INFO: checking system...
INFO:     system check complete (0.000009 sec).
INFO: checking solvers...
INFO:     solvers check complete (0.000076 sec).
INFO: checking dup_inputs...
INFO:     dup_inputs check complete (0.000018 sec).
INFO: checking missing_recorders...
INFO:     missing_recorders check complete (0.000002 sec).
INFO: checking unserializable_options...
INFO:     unserializable_options check complete (0.000098 sec).
INFO: checking comp_has_no_outputs...
INFO:     comp_has_no_outputs check complete (0.000017 sec).
INFO: checking auto_ivc_warnings...
INFO:     auto_ivc_warnings check complete (0.000001 sec).
INFO: checking out_of_order...
INFO:     out_of_order check complete (0.000073 sec).
INFO: checking system...
INFO:     system check complete (0.000006 sec).
INFO: checking solvers...
INFO:     solvers check complete (0.000055 sec).
INFO: checking dup_inputs...
INFO:     dup_inputs check complete (0.000017 sec).
INFO: checking missing_recorders...
INFO:     missing_recorders check complete (0.000001 sec).
INFO: checking unserializable_options...
INFO:     unserializable_options check complete (0.000066 sec).
INFO: checking comp_has_no_outputs...
INFO:     comp_has_no_outputs check complete (0.000012 sec).
INFO: checking auto_ivc_warnings...
INFO:     auto_ivc_warnings check complete (0.000001 sec).
INFO: checking out_of_order...
INFO:     out_of_order check complete (0.000119 sec).
INFO: checking system...
INFO:     system check complete (0.000008 sec).
INFO: checking solvers...
INFO:     solvers check complete (0.000074 sec).
INFO: checking dup_inputs...
INFO:     dup_inputs check complete (0.000020 sec).
INFO: checking missing_recorders...
INFO:     missing_recorders check complete (0.000002 sec).
INFO: checking unserializable_options...
INFO:     unserializable_options check complete (0.000097 sec).
INFO: checking comp_has_no_outputs...
INFO:     comp_has_no_outputs check complete (0.000019 sec).
INFO: checking auto_ivc_warnings...
INFO:     auto_ivc_warnings check complete (0.000001 sec).
INFO: checking out_of_order...
INFO:     out_of_order check complete (0.000081 sec).
INFO: checking system...
INFO:     system check complete (0.000007 sec).
INFO: checking solvers...
INFO:     solvers check complete (0.000065 sec).
INFO: checking dup_inputs...
INFO:     dup_inputs check complete (0.000022 sec).
INFO: checking missing_recorders...
INFO:     missing_recorders check complete (0.000002 sec).
INFO: checking unserializable_options...
INFO:     unserializable_options check complete (0.000080 sec).
INFO: checking comp_has_no_outputs...
INFO:     comp_has_no_outputs check complete (0.000022 sec).
INFO: checking auto_ivc_warnings...
INFO:     auto_ivc_warnings check complete (0.000001 sec).
INFO: checking out_of_order...
INFO:     out_of_order check complete (0.000126 sec).
INFO: checking system...
INFO:     system check complete (0.000009 sec).
INFO: checking solvers...
INFO:     solvers check complete (0.000080 sec).
INFO: checking dup_inputs...
INFO:     dup_inputs check complete (0.000018 sec).
INFO: checking missing_recorders...
INFO:     missing_recorders check complete (0.000002 sec).
INFO: checking unserializable_options...
INFO:     unserializable_options check complete (0.000120 sec).
INFO: checking comp_has_no_outputs...
INFO:     comp_has_no_outputs check complete (0.000022 sec).
INFO: checking auto_ivc_warnings...
INFO:     auto_ivc_warnings check complete (0.000001 sec).
INFO: checking out_of_order...
INFO:     out_of_order check complete (0.000080 sec).
INFO: checking system...
INFO:     system check complete (0.000008 sec).
INFO: checking solvers...
INFO:     solvers check complete (0.000067 sec).
INFO: checking dup_inputs...
INFO:     dup_inputs check complete (0.000022 sec).
INFO: checking missing_recorders...
INFO:     missing_recorders check complete (0.000002 sec).
INFO: checking unserializable_options...
INFO:     unserializable_options check complete (0.000082 sec).
INFO: checking comp_has_no_outputs...
INFO:     comp_has_no_outputs check complete (0.000015 sec).
INFO: checking auto_ivc_warnings...
INFO:     auto_ivc_warnings check complete (0.000001 sec).
INFO: checking out_of_order...
INFO:     out_of_order check complete (0.000116 sec).
INFO: checking system...
INFO:     system check complete (0.000009 sec).
INFO: checking solvers...
INFO:     solvers check complete (0.000069 sec).
INFO: checking dup_inputs...
INFO:     dup_inputs check complete (0.000019 sec).
INFO: checking missing_recorders...
INFO:     missing_recorders check complete (0.000002 sec).
INFO: checking unserializable_options...
INFO:     unserializable_options check complete (0.000090 sec).
INFO: checking comp_has_no_outputs...
INFO:     comp_has_no_outputs check complete (0.000017 sec).
INFO: checking auto_ivc_warnings...
INFO:     auto_ivc_warnings check complete (0.000001 sec).
INFO: checking out_of_order...
INFO:     out_of_order check complete (0.000099 sec).
INFO: checking system...
INFO:     system check complete (0.000007 sec).
INFO: checking solvers...
INFO:     solvers check complete (0.000064 sec).
INFO: checking dup_inputs...
INFO:     dup_inputs check complete (0.000019 sec).
INFO: checking missing_recorders...
INFO:     missing_recorders check complete (0.000003 sec).
INFO: checking unserializable_options...
INFO:     unserializable_options check complete (0.000095 sec).
INFO: checking comp_has_no_outputs...
INFO:     comp_has_no_outputs check complete (0.000018 sec).
INFO: checking auto_ivc_warnings...
INFO:     auto_ivc_warnings check complete (0.000001 sec).
INFO: checking out_of_order...
INFO:     out_of_order check complete (0.000120 sec).
INFO: checking system...
INFO:     system check complete (0.000009 sec).
INFO: checking solvers...
INFO:     solvers check complete (0.000084 sec).
INFO: checking dup_inputs...
INFO:     dup_inputs check complete (0.000019 sec).
INFO: checking missing_recorders...
INFO:     missing_recorders check complete (0.000003 sec).
INFO: checking unserializable_options...
INFO:     unserializable_options check complete (0.000121 sec).
INFO: checking comp_has_no_outputs...
INFO:     comp_has_no_outputs check complete (0.000023 sec).
INFO: checking auto_ivc_warnings...
INFO:     auto_ivc_warnings check complete (0.000002 sec).
INFO: checking out_of_order...
INFO:     out_of_order check complete (0.000090 sec).
INFO: checking system...
INFO:     system check complete (0.000007 sec).
INFO: checking solvers...
INFO:     solvers check complete (0.000064 sec).
INFO: checking dup_inputs...
INFO:     dup_inputs check complete (0.000017 sec).
INFO: checking missing_recorders...
INFO:     missing_recorders check complete (0.000002 sec).
INFO: checking unserializable_options...
INFO:     unserializable_options check complete (0.000098 sec).
INFO: checking comp_has_no_outputs...
INFO:     comp_has_no_outputs check complete (0.000023 sec).
INFO: checking auto_ivc_warnings...
INFO:     auto_ivc_warnings check complete (0.000002 sec).
INFO: checking out_of_order...
INFO:     out_of_order check complete (0.000114 sec).
INFO: checking system...
INFO:     system check complete (0.000009 sec).
INFO: checking solvers...
INFO:     solvers check complete (0.000078 sec).
INFO: checking dup_inputs...
INFO:     dup_inputs check complete (0.000018 sec).
INFO: checking missing_recorders...
INFO:     missing_recorders check complete (0.000002 sec).
INFO: checking unserializable_options...
INFO:     unserializable_options check complete (0.000088 sec).
INFO: checking comp_has_no_outputs...
INFO:     comp_has_no_outputs check complete (0.000016 sec).
INFO: checking auto_ivc_warnings...
INFO:     auto_ivc_warnings check complete (0.000001 sec).
INFO: checking out_of_order...
INFO:     out_of_order check complete (0.000076 sec).
INFO: checking system...
INFO:     system check complete (0.000006 sec).
INFO: checking solvers...
INFO:     solvers check complete (0.000059 sec).
INFO: checking dup_inputs...
INFO:     dup_inputs check complete (0.000018 sec).
INFO: checking missing_recorders...
INFO:     missing_recorders check complete (0.000001 sec).
INFO: checking unserializable_options...
INFO:     unserializable_options check complete (0.000065 sec).
INFO: checking comp_has_no_outputs...
INFO:     comp_has_no_outputs check complete (0.000013 sec).
INFO: checking auto_ivc_warnings...
INFO:     auto_ivc_warnings check complete (0.000001 sec).
INFO: checking out_of_order...
INFO:     out_of_order check complete (0.000115 sec).
INFO: checking system...
INFO:     system check complete (0.000009 sec).
INFO: checking solvers...
INFO:     solvers check complete (0.000076 sec).
INFO: checking dup_inputs...
INFO:     dup_inputs check complete (0.000018 sec).
INFO: checking missing_recorders...
INFO:     missing_recorders check complete (0.000002 sec).
INFO: checking unserializable_options...
INFO:     unserializable_options check complete (0.000092 sec).
INFO: checking comp_has_no_outputs...
INFO:     comp_has_no_outputs check complete (0.000016 sec).
INFO: checking auto_ivc_warnings...
INFO:     auto_ivc_warnings check complete (0.000001 sec).
INFO: checking out_of_order...
INFO:     out_of_order check complete (0.000075 sec).
INFO: checking system...
INFO:     system check complete (0.000006 sec).
INFO: checking solvers...
INFO:     solvers check complete (0.000062 sec).
INFO: checking dup_inputs...
INFO:     dup_inputs check complete (0.000019 sec).
INFO: checking missing_recorders...
INFO:     missing_recorders check complete (0.000001 sec).
INFO: checking unserializable_options...
INFO:     unserializable_options check complete (0.000071 sec).
INFO: checking comp_has_no_outputs...
INFO:     comp_has_no_outputs check complete (0.000013 sec).
INFO: checking auto_ivc_warnings...
INFO:     auto_ivc_warnings check complete (0.000001 sec).
INFO: checking out_of_order...
INFO:     out_of_order check complete (0.000126 sec).
INFO: checking system...
INFO:     system check complete (0.000013 sec).
INFO: checking solvers...
INFO:     solvers check complete (0.000085 sec).
INFO: checking dup_inputs...
INFO:     dup_inputs check complete (0.000019 sec).
INFO: checking missing_recorders...
INFO:     missing_recorders check complete (0.000002 sec).
INFO: checking unserializable_options...
INFO:     unserializable_options check complete (0.000095 sec).
INFO: checking comp_has_no_outputs...
INFO:     comp_has_no_outputs check complete (0.000021 sec).
INFO: checking auto_ivc_warnings...
INFO:     auto_ivc_warnings check complete (0.000001 sec).
INFO: checking out_of_order...
INFO:     out_of_order check complete (0.000078 sec).
INFO: checking system...
INFO:     system check complete (0.000006 sec).
INFO: checking solvers...
INFO:     solvers check complete (0.000062 sec).
INFO: checking dup_inputs...
INFO:     dup_inputs check complete (0.000018 sec).
INFO: checking missing_recorders...
INFO:     missing_recorders check complete (0.000001 sec).
INFO: checking unserializable_options...
INFO:     unserializable_options check complete (0.000066 sec).
INFO: checking comp_has_no_outputs...
INFO:     comp_has_no_outputs check complete (0.000014 sec).
INFO: checking auto_ivc_warnings...
INFO:     auto_ivc_warnings check complete (0.000001 sec).
INFO: checking out_of_order...
INFO:     out_of_order check complete (0.000138 sec).
INFO: checking system...
INFO:     system check complete (0.000008 sec).
INFO: checking solvers...
INFO:     solvers check complete (0.000068 sec).
INFO: checking dup_inputs...
INFO:     dup_inputs check complete (0.000018 sec).
INFO: checking missing_recorders...
INFO:     missing_recorders check complete (0.000001 sec).
INFO: checking unserializable_options...
INFO:     unserializable_options check complete (0.000088 sec).
INFO: checking comp_has_no_outputs...
INFO:     comp_has_no_outputs check complete (0.000021 sec).
INFO: checking auto_ivc_warnings...
INFO:     auto_ivc_warnings check complete (0.000001 sec).
INFO: checking out_of_order...
INFO:     out_of_order check complete (0.000073 sec).
INFO: checking system...
INFO:     system check complete (0.000006 sec).
INFO: checking solvers...
INFO:     solvers check complete (0.000054 sec).
INFO: checking dup_inputs...
INFO:     dup_inputs check complete (0.000016 sec).
INFO: checking missing_recorders...
INFO:     missing_recorders check complete (0.000001 sec).
INFO: checking unserializable_options...
INFO:     unserializable_options check complete (0.000069 sec).
INFO: checking comp_has_no_outputs...
INFO:     comp_has_no_outputs check complete (0.000013 sec).
INFO: checking auto_ivc_warnings...
INFO:     auto_ivc_warnings check complete (0.000001 sec).
INFO: checking out_of_order...
INFO:     out_of_order check complete (0.000116 sec).
INFO: checking system...
INFO:     system check complete (0.000009 sec).
INFO: checking solvers...
INFO:     solvers check complete (0.000074 sec).
INFO: checking dup_inputs...
INFO:     dup_inputs check complete (0.000018 sec).
INFO: checking missing_recorders...
INFO:     missing_recorders check complete (0.000002 sec).
INFO: checking unserializable_options...
INFO:     unserializable_options check complete (0.000112 sec).
INFO: checking comp_has_no_outputs...
INFO:     comp_has_no_outputs check complete (0.000023 sec).
INFO: checking auto_ivc_warnings...
INFO:     auto_ivc_warnings check complete (0.000001 sec).
INFO: checking out_of_order...
INFO:     out_of_order check complete (0.000073 sec).
INFO: checking system...
INFO:     system check complete (0.000008 sec).
INFO: checking solvers...
INFO:     solvers check complete (0.000059 sec).
INFO: checking dup_inputs...
INFO:     dup_inputs check complete (0.000018 sec).
INFO: checking missing_recorders...
INFO:     missing_recorders check complete (0.000001 sec).
INFO: checking unserializable_options...
INFO:     unserializable_options check complete (0.000078 sec).
INFO: checking comp_has_no_outputs...
INFO:     comp_has_no_outputs check complete (0.000013 sec).
INFO: checking auto_ivc_warnings...
INFO:     auto_ivc_warnings check complete (0.000001 sec).
INFO: checking out_of_order...
INFO:     out_of_order check complete (0.000118 sec).
INFO: checking system...
INFO:     system check complete (0.000008 sec).
INFO: checking solvers...
INFO:     solvers check complete (0.000067 sec).
INFO: checking dup_inputs...
INFO:     dup_inputs check complete (0.000017 sec).
INFO: checking missing_recorders...
INFO:     missing_recorders check complete (0.000002 sec).
INFO: checking unserializable_options...
INFO:     unserializable_options check complete (0.000087 sec).
INFO: checking comp_has_no_outputs...
INFO:     comp_has_no_outputs check complete (0.000016 sec).
INFO: checking auto_ivc_warnings...
INFO:     auto_ivc_warnings check complete (0.000001 sec).
INFO: checking out_of_order...
INFO:     out_of_order check complete (0.000071 sec).
INFO: checking system...
INFO:     system check complete (0.000006 sec).
INFO: checking solvers...
INFO:     solvers check complete (0.000058 sec).
INFO: checking dup_inputs...
INFO:     dup_inputs check complete (0.000016 sec).
INFO: checking missing_recorders...
INFO:     missing_recorders check complete (0.000001 sec).
INFO: checking unserializable_options...
INFO:     unserializable_options check complete (0.000069 sec).
INFO: checking comp_has_no_outputs...
INFO:     comp_has_no_outputs check complete (0.000012 sec).
INFO: checking auto_ivc_warnings...
INFO:     auto_ivc_warnings check complete (0.000001 sec).
INFO: checking out_of_order...
INFO:     out_of_order check complete (0.000114 sec).
INFO: checking system...
INFO:     system check complete (0.000009 sec).
INFO: checking solvers...
INFO:     solvers check complete (0.000070 sec).
INFO: checking dup_inputs...
INFO:     dup_inputs check complete (0.000018 sec).
INFO: checking missing_recorders...
INFO:     missing_recorders check complete (0.000002 sec).
INFO: checking unserializable_options...
INFO:     unserializable_options check complete (0.000101 sec).
INFO: checking comp_has_no_outputs...
INFO:     comp_has_no_outputs check complete (0.000018 sec).
INFO: checking auto_ivc_warnings...
INFO:     auto_ivc_warnings check complete (0.000001 sec).
INFO: checking out_of_order...
INFO:     out_of_order check complete (0.000076 sec).
INFO: checking system...
INFO:     system check complete (0.000006 sec).
INFO: checking solvers...
INFO:     solvers check complete (0.000057 sec).
INFO: checking dup_inputs...
INFO:     dup_inputs check complete (0.000016 sec).
INFO: checking missing_recorders...
INFO:     missing_recorders check complete (0.000001 sec).
INFO: checking unserializable_options...
INFO:     unserializable_options check complete (0.000069 sec).
INFO: checking comp_has_no_outputs...
INFO:     comp_has_no_outputs check complete (0.000012 sec).
INFO: checking auto_ivc_warnings...
INFO:     auto_ivc_warnings check complete (0.000001 sec).
INFO: checking out_of_order...
INFO:     out_of_order check complete (0.000121 sec).
INFO: checking system...
INFO:     system check complete (0.000011 sec).
INFO: checking solvers...
INFO:     solvers check complete (0.000070 sec).
INFO: checking dup_inputs...
INFO:     dup_inputs check complete (0.000018 sec).
INFO: checking missing_recorders...
INFO:     missing_recorders check complete (0.000002 sec).
INFO: checking unserializable_options...
INFO:     unserializable_options check complete (0.000096 sec).
INFO: checking comp_has_no_outputs...
INFO:     comp_has_no_outputs check complete (0.000017 sec).
INFO: checking auto_ivc_warnings...
INFO:     auto_ivc_warnings check complete (0.000001 sec).
INFO: checking out_of_order...
INFO:     out_of_order check complete (0.000072 sec).
INFO: checking system...
INFO:     system check complete (0.000006 sec).
INFO: checking solvers...
INFO:     solvers check complete (0.000056 sec).
INFO: checking dup_inputs...
INFO:     dup_inputs check complete (0.000018 sec).
INFO: checking missing_recorders...
INFO:     missing_recorders check complete (0.000002 sec).
INFO: checking unserializable_options...
INFO:     unserializable_options check complete (0.000071 sec).
INFO: checking comp_has_no_outputs...
INFO:     comp_has_no_outputs check complete (0.000016 sec).
INFO: checking auto_ivc_warnings...
INFO:     auto_ivc_warnings check complete (0.000001 sec).
INFO: checking out_of_order...
INFO:     out_of_order check complete (0.000114 sec).
INFO: checking system...
INFO:     system check complete (0.000009 sec).
INFO: checking solvers...
INFO:     solvers check complete (0.000082 sec).
INFO: checking dup_inputs...
INFO:     dup_inputs check complete (0.000022 sec).
INFO: checking missing_recorders...
INFO:     missing_recorders check complete (0.000002 sec).
INFO: checking unserializable_options...
INFO:     unserializable_options check complete (0.000097 sec).
INFO: checking comp_has_no_outputs...
INFO:     comp_has_no_outputs check complete (0.000020 sec).
INFO: checking auto_ivc_warnings...
INFO:     auto_ivc_warnings check complete (0.000001 sec).
INFO: checking out_of_order...
INFO:     out_of_order check complete (0.000074 sec).
INFO: checking system...
INFO:     system check complete (0.000007 sec).
INFO: checking solvers...
INFO:     solvers check complete (0.000060 sec).
INFO: checking dup_inputs...
INFO:     dup_inputs check complete (0.000017 sec).
INFO: checking missing_recorders...
INFO:     missing_recorders check complete (0.000002 sec).
INFO: checking unserializable_options...
INFO:     unserializable_options check complete (0.000076 sec).
INFO: checking comp_has_no_outputs...
INFO:     comp_has_no_outputs check complete (0.000016 sec).
INFO: checking auto_ivc_warnings...
INFO:     auto_ivc_warnings check complete (0.000001 sec).
INFO: checking out_of_order...
INFO:     out_of_order check complete (0.000117 sec).
INFO: checking system...
INFO:     system check complete (0.000009 sec).
INFO: checking solvers...
INFO:     solvers check complete (0.000073 sec).
INFO: checking dup_inputs...
INFO:     dup_inputs check complete (0.000019 sec).
INFO: checking missing_recorders...
INFO:     missing_recorders check complete (0.000002 sec).
INFO: checking unserializable_options...
INFO:     unserializable_options check complete (0.000091 sec).
INFO: checking comp_has_no_outputs...
INFO:     comp_has_no_outputs check complete (0.000018 sec).
INFO: checking auto_ivc_warnings...
INFO:     auto_ivc_warnings check complete (0.000002 sec).
INFO: checking out_of_order...
INFO:     out_of_order check complete (0.000085 sec).
INFO: checking system...
INFO:     system check complete (0.000007 sec).
INFO: checking solvers...
INFO:     solvers check complete (0.000059 sec).
INFO: checking dup_inputs...
INFO:     dup_inputs check complete (0.000018 sec).
INFO: checking missing_recorders...
INFO:     missing_recorders check complete (0.000002 sec).
INFO: checking unserializable_options...
INFO:     unserializable_options check complete (0.000079 sec).
INFO: checking comp_has_no_outputs...
INFO:     comp_has_no_outputs check complete (0.000019 sec).
INFO: checking auto_ivc_warnings...
INFO:     auto_ivc_warnings check complete (0.000001 sec).
INFO: checking out_of_order...
INFO:     out_of_order check complete (0.000121 sec).
INFO: checking system...
INFO:     system check complete (0.000008 sec).
INFO: checking solvers...
INFO:     solvers check complete (0.000069 sec).
INFO: checking dup_inputs...
INFO:     dup_inputs check complete (0.000018 sec).
INFO: checking missing_recorders...
INFO:     missing_recorders check complete (0.000002 sec).
INFO: checking unserializable_options...
INFO:     unserializable_options check complete (0.000092 sec).
INFO: checking comp_has_no_outputs...
INFO:     comp_has_no_outputs check complete (0.000019 sec).
INFO: checking auto_ivc_warnings...
INFO:     auto_ivc_warnings check complete (0.000001 sec).
INFO: checking out_of_order...
INFO:     out_of_order check complete (0.000085 sec).
INFO: checking system...
INFO:     system check complete (0.000007 sec).
INFO: checking solvers...
INFO:     solvers check complete (0.000062 sec).
INFO: checking dup_inputs...
INFO:     dup_inputs check complete (0.000021 sec).
INFO: checking missing_recorders...
INFO:     missing_recorders check complete (0.000001 sec).
INFO: checking unserializable_options...
INFO:     unserializable_options check complete (0.000071 sec).
INFO: checking comp_has_no_outputs...
INFO:     comp_has_no_outputs check complete (0.000013 sec).
INFO: checking auto_ivc_warnings...
INFO:     auto_ivc_warnings check complete (0.000001 sec).
INFO: checking out_of_order...
INFO:     out_of_order check complete (0.000119 sec).
INFO: checking system...
INFO:     system check complete (0.000010 sec).
INFO: checking solvers...
INFO:     solvers check complete (0.000072 sec).
INFO: checking dup_inputs...
INFO:     dup_inputs check complete (0.000018 sec).
INFO: checking missing_recorders...
INFO:     missing_recorders check complete (0.000002 sec).
INFO: checking unserializable_options...
INFO:     unserializable_options check complete (0.000089 sec).
INFO: checking comp_has_no_outputs...
INFO:     comp_has_no_outputs check complete (0.000017 sec).
INFO: checking auto_ivc_warnings...
INFO:     auto_ivc_warnings check complete (0.000002 sec).
INFO: checking out_of_order...
INFO:     out_of_order check complete (0.000075 sec).
INFO: checking system...
INFO:     system check complete (0.000007 sec).
INFO: checking solvers...
INFO:     solvers check complete (0.000061 sec).
INFO: checking dup_inputs...
INFO:     dup_inputs check complete (0.000017 sec).
INFO: checking missing_recorders...
INFO:     missing_recorders check complete (0.000001 sec).
INFO: checking unserializable_options...
INFO:     unserializable_options check complete (0.000072 sec).
INFO: checking comp_has_no_outputs...
INFO:     comp_has_no_outputs check complete (0.000014 sec).
INFO: checking auto_ivc_warnings...
INFO:     auto_ivc_warnings check complete (0.000001 sec).
INFO: checking out_of_order...
INFO:     out_of_order check complete (0.000130 sec).
INFO: checking system...
INFO:     system check complete (0.000008 sec).
INFO: checking solvers...
INFO:     solvers check complete (0.000071 sec).
INFO: checking dup_inputs...
INFO:     dup_inputs check complete (0.000019 sec).
INFO: checking missing_recorders...
INFO:     missing_recorders check complete (0.000001 sec).
INFO: checking unserializable_options...
INFO:     unserializable_options check complete (0.000094 sec).
INFO: checking comp_has_no_outputs...
INFO:     comp_has_no_outputs check complete (0.000020 sec).
INFO: checking auto_ivc_warnings...
INFO:     auto_ivc_warnings check complete (0.000001 sec).
INFO: checking out_of_order...
INFO:     out_of_order check complete (0.000075 sec).
INFO: checking system...
INFO:     system check complete (0.000007 sec).
INFO: checking solvers...
INFO:     solvers check complete (0.000062 sec).
INFO: checking dup_inputs...
INFO:     dup_inputs check complete (0.000018 sec).
INFO: checking missing_recorders...
INFO:     missing_recorders check complete (0.000001 sec).
INFO: checking unserializable_options...
INFO:     unserializable_options check complete (0.000074 sec).
INFO: checking comp_has_no_outputs...
INFO:     comp_has_no_outputs check complete (0.000015 sec).
INFO: checking auto_ivc_warnings...
INFO:     auto_ivc_warnings check complete (0.000001 sec).
INFO: checking out_of_order...
INFO:     out_of_order check complete (0.000129 sec).
INFO: checking system...
INFO:     system check complete (0.000008 sec).
INFO: checking solvers...
INFO:     solvers check complete (0.000073 sec).
INFO: checking dup_inputs...
INFO:     dup_inputs check complete (0.000018 sec).
INFO: checking missing_recorders...
INFO:     missing_recorders check complete (0.000003 sec).
INFO: checking unserializable_options...
INFO:     unserializable_options check complete (0.000090 sec).
INFO: checking comp_has_no_outputs...
INFO:     comp_has_no_outputs check complete (0.000019 sec).
INFO: checking auto_ivc_warnings...
INFO:     auto_ivc_warnings check complete (0.000001 sec).
INFO: checking out_of_order...
INFO:     out_of_order check complete (0.000079 sec).
INFO: checking system...
INFO:     system check complete (0.000010 sec).
INFO: checking solvers...
INFO:     solvers check complete (0.000059 sec).
INFO: checking dup_inputs...
INFO:     dup_inputs check complete (0.000017 sec).
INFO: checking missing_recorders...
INFO:     missing_recorders check complete (0.000002 sec).
INFO: checking unserializable_options...
INFO:     unserializable_options check complete (0.000076 sec).
INFO: checking comp_has_no_outputs...
INFO:     comp_has_no_outputs check complete (0.000019 sec).
INFO: checking auto_ivc_warnings...
INFO:     auto_ivc_warnings check complete (0.000001 sec).
INFO: checking out_of_order...
INFO:     out_of_order check complete (0.000125 sec).
INFO: checking system...
INFO:     system check complete (0.000009 sec).
INFO: checking solvers...
INFO:     solvers check complete (0.000079 sec).
INFO: checking dup_inputs...
INFO:     dup_inputs check complete (0.000020 sec).
INFO: checking missing_recorders...
INFO:     missing_recorders check complete (0.000002 sec).
INFO: checking unserializable_options...
INFO:     unserializable_options check complete (0.000110 sec).
INFO: checking comp_has_no_outputs...
INFO:     comp_has_no_outputs check complete (0.000025 sec).
INFO: checking auto_ivc_warnings...
INFO:     auto_ivc_warnings check complete (0.000002 sec).
INFO: checking out_of_order...
INFO:     out_of_order check complete (0.000094 sec).
INFO: checking system...
INFO:     system check complete (0.000010 sec).
INFO: checking solvers...
INFO:     solvers check complete (0.000066 sec).
INFO: checking dup_inputs...
INFO:     dup_inputs check complete (0.000019 sec).
INFO: checking missing_recorders...
INFO:     missing_recorders check complete (0.000002 sec).
INFO: checking unserializable_options...
INFO:     unserializable_options check complete (0.000103 sec).
INFO: checking comp_has_no_outputs...
INFO:     comp_has_no_outputs check complete (0.000017 sec).
INFO: checking auto_ivc_warnings...
INFO:     auto_ivc_warnings check complete (0.000001 sec).
INFO: checking out_of_order...
INFO:     out_of_order check complete (0.000136 sec).
INFO: checking system...
INFO:     system check complete (0.000011 sec).
INFO: checking solvers...
INFO:     solvers check complete (0.000083 sec).
INFO: checking dup_inputs...
INFO:     dup_inputs check complete (0.000020 sec).
INFO: checking missing_recorders...
INFO:     missing_recorders check complete (0.000003 sec).
INFO: checking unserializable_options...
INFO:     unserializable_options check complete (0.000111 sec).
INFO: checking comp_has_no_outputs...
INFO:     comp_has_no_outputs check complete (0.000021 sec).
INFO: checking auto_ivc_warnings...
INFO:     auto_ivc_warnings check complete (0.000001 sec).
INFO: checking out_of_order...
INFO:     out_of_order check complete (0.000087 sec).
INFO: checking system...
INFO:     system check complete (0.000007 sec).
INFO: checking solvers...
INFO:     solvers check complete (0.000083 sec).
INFO: checking dup_inputs...
INFO:     dup_inputs check complete (0.000020 sec).
INFO: checking missing_recorders...
INFO:     missing_recorders check complete (0.000002 sec).
INFO: checking unserializable_options...
INFO:     unserializable_options check complete (0.000093 sec).
INFO: checking comp_has_no_outputs...
INFO:     comp_has_no_outputs check complete (0.000019 sec).
INFO: checking auto_ivc_warnings...
INFO:     auto_ivc_warnings check complete (0.000001 sec).
INFO: checking out_of_order...
INFO:     out_of_order check complete (0.000117 sec).
INFO: checking system...
INFO:     system check complete (0.000008 sec).
INFO: checking solvers...
INFO:     solvers check complete (0.000069 sec).
INFO: checking dup_inputs...
INFO:     dup_inputs check complete (0.000018 sec).
INFO: checking missing_recorders...
INFO:     missing_recorders check complete (0.000002 sec).
INFO: checking unserializable_options...
INFO:     unserializable_options check complete (0.000106 sec).
INFO: checking comp_has_no_outputs...
INFO:     comp_has_no_outputs check complete (0.000016 sec).
INFO: checking auto_ivc_warnings...
INFO:     auto_ivc_warnings check complete (0.000001 sec).
INFO: checking out_of_order...
INFO:     out_of_order check complete (0.000072 sec).
INFO: checking system...
INFO:     system check complete (0.000007 sec).
INFO: checking solvers...
INFO:     solvers check complete (0.000053 sec).
INFO: checking dup_inputs...
INFO:     dup_inputs check complete (0.000016 sec).
INFO: checking missing_recorders...
INFO:     missing_recorders check complete (0.000001 sec).
INFO: checking unserializable_options...
INFO:     unserializable_options check complete (0.000070 sec).
INFO: checking comp_has_no_outputs...
INFO:     comp_has_no_outputs check complete (0.000013 sec).
INFO: checking auto_ivc_warnings...
INFO:     auto_ivc_warnings check complete (0.000001 sec).
INFO: checking out_of_order...
INFO:     out_of_order check complete (0.000118 sec).
INFO: checking system...
INFO:     system check complete (0.000009 sec).
INFO: checking solvers...
INFO:     solvers check complete (0.000072 sec).
INFO: checking dup_inputs...
INFO:     dup_inputs check complete (0.000018 sec).
INFO: checking missing_recorders...
INFO:     missing_recorders check complete (0.000002 sec).
INFO: checking unserializable_options...
INFO:     unserializable_options check complete (0.000107 sec).
INFO: checking comp_has_no_outputs...
INFO:     comp_has_no_outputs check complete (0.000016 sec).
INFO: checking auto_ivc_warnings...
INFO:     auto_ivc_warnings check complete (0.000001 sec).
INFO: checking out_of_order...
INFO:     out_of_order check complete (0.000074 sec).
INFO: checking system...
INFO:     system check complete (0.000005 sec).
INFO: checking solvers...
INFO:     solvers check complete (0.000051 sec).
INFO: checking dup_inputs...
INFO:     dup_inputs check complete (0.000016 sec).
INFO: checking missing_recorders...
INFO:     missing_recorders check complete (0.000001 sec).
INFO: checking unserializable_options...
INFO:     unserializable_options check complete (0.000063 sec).
INFO: checking comp_has_no_outputs...
INFO:     comp_has_no_outputs check complete (0.000012 sec).
INFO: checking auto_ivc_warnings...
INFO:     auto_ivc_warnings check complete (0.000001 sec).
INFO: checking out_of_order...
INFO:     out_of_order check complete (0.000114 sec).
INFO: checking system...
INFO:     system check complete (0.000010 sec).
INFO: checking solvers...
INFO:     solvers check complete (0.000136 sec).
INFO: checking dup_inputs...
INFO:     dup_inputs check complete (0.000021 sec).
INFO: checking missing_recorders...
INFO:     missing_recorders check complete (0.000004 sec).
INFO: checking unserializable_options...
INFO:     unserializable_options check complete (0.000114 sec).
INFO: checking comp_has_no_outputs...
INFO:     comp_has_no_outputs check complete (0.000027 sec).
INFO: checking auto_ivc_warnings...
INFO:     auto_ivc_warnings check complete (0.000001 sec).
INFO: checking out_of_order...
INFO:     out_of_order check complete (0.000085 sec).
INFO: checking system...
INFO:     system check complete (0.000006 sec).
INFO: checking solvers...
INFO:     solvers check complete (0.000060 sec).
INFO: checking dup_inputs...
INFO:     dup_inputs check complete (0.000017 sec).
INFO: checking missing_recorders...
INFO:     missing_recorders check complete (0.000001 sec).
INFO: checking unserializable_options...
INFO:     unserializable_options check complete (0.000079 sec).
INFO: checking comp_has_no_outputs...
INFO:     comp_has_no_outputs check complete (0.000017 sec).
INFO: checking auto_ivc_warnings...
INFO:     auto_ivc_warnings check complete (0.000001 sec).
INFO: checking out_of_order...
INFO:     out_of_order check complete (0.000122 sec).
INFO: checking system...
INFO:     system check complete (0.000008 sec).
INFO: checking solvers...
INFO:     solvers check complete (0.000066 sec).
INFO: checking dup_inputs...
INFO:     dup_inputs check complete (0.000017 sec).
INFO: checking missing_recorders...
INFO:     missing_recorders check complete (0.000001 sec).
INFO: checking unserializable_options...
INFO:     unserializable_options check complete (0.000101 sec).
INFO: checking comp_has_no_outputs...
INFO:     comp_has_no_outputs check complete (0.000017 sec).
INFO: checking auto_ivc_warnings...
INFO:     auto_ivc_warnings check complete (0.000001 sec).
INFO: checking out_of_order...
INFO:     out_of_order check complete (0.000074 sec).
INFO: checking system...
INFO:     system check complete (0.000006 sec).
INFO: checking solvers...
INFO:     solvers check complete (0.000056 sec).
INFO: checking dup_inputs...
INFO:     dup_inputs check complete (0.000018 sec).
INFO: checking missing_recorders...
INFO:     missing_recorders check complete (0.000002 sec).
INFO: checking unserializable_options...
INFO:     unserializable_options check complete (0.000078 sec).
INFO: checking comp_has_no_outputs...
INFO:     comp_has_no_outputs check complete (0.000017 sec).
INFO: checking auto_ivc_warnings...
INFO:     auto_ivc_warnings check complete (0.000001 sec).
INFO: checking out_of_order...
INFO:     out_of_order check complete (0.000125 sec).
INFO: checking system...
INFO:     system check complete (0.000009 sec).
INFO: checking solvers...
INFO:     solvers check complete (0.000069 sec).
INFO: checking dup_inputs...
INFO:     dup_inputs check complete (0.000017 sec).
INFO: checking missing_recorders...
INFO:     missing_recorders check complete (0.000002 sec).
INFO: checking unserializable_options...
INFO:     unserializable_options check complete (0.000093 sec).
INFO: checking comp_has_no_outputs...
INFO:     comp_has_no_outputs check complete (0.000018 sec).
INFO: checking auto_ivc_warnings...
INFO:     auto_ivc_warnings check complete (0.000001 sec).
INFO: checking out_of_order...
INFO:     out_of_order check complete (0.000074 sec).
INFO: checking system...
INFO:     system check complete (0.000005 sec).
INFO: checking solvers...
INFO:     solvers check complete (0.000055 sec).
INFO: checking dup_inputs...
INFO:     dup_inputs check complete (0.000016 sec).
INFO: checking missing_recorders...
INFO:     missing_recorders check complete (0.000001 sec).
INFO: checking unserializable_options...
INFO:     unserializable_options check complete (0.000068 sec).
INFO: checking comp_has_no_outputs...
INFO:     comp_has_no_outputs check complete (0.000013 sec).
INFO: checking auto_ivc_warnings...
INFO:     auto_ivc_warnings check complete (0.000001 sec).
INFO: checking out_of_order...
INFO:     out_of_order check complete (0.000117 sec).
INFO: checking system...
INFO:     system check complete (0.000009 sec).
INFO: checking solvers...
INFO:     solvers check complete (0.000073 sec).
INFO: checking dup_inputs...
INFO:     dup_inputs check complete (0.000018 sec).
INFO: checking missing_recorders...
INFO:     missing_recorders check complete (0.000002 sec).
INFO: checking unserializable_options...
INFO:     unserializable_options check complete (0.000101 sec).
INFO: checking comp_has_no_outputs...
INFO:     comp_has_no_outputs check complete (0.000016 sec).
INFO: checking auto_ivc_warnings...
INFO:     auto_ivc_warnings check complete (0.000001 sec).
INFO: checking out_of_order...
INFO:     out_of_order check complete (0.000074 sec).
INFO: checking system...
INFO:     system check complete (0.000006 sec).
INFO: checking solvers...
INFO:     solvers check complete (0.000055 sec).
INFO: checking dup_inputs...
INFO:     dup_inputs check complete (0.000017 sec).
INFO: checking missing_recorders...
INFO:     missing_recorders check complete (0.000002 sec).
INFO: checking unserializable_options...
INFO:     unserializable_options check complete (0.000066 sec).
INFO: checking comp_has_no_outputs...
INFO:     comp_has_no_outputs check complete (0.000012 sec).
INFO: checking auto_ivc_warnings...
INFO:     auto_ivc_warnings check complete (0.000001 sec).
INFO: checking out_of_order...
INFO:     out_of_order check complete (0.000121 sec).
INFO: checking system...
INFO:     system check complete (0.000008 sec).
INFO: checking solvers...
INFO:     solvers check complete (0.000070 sec).
INFO: checking dup_inputs...
INFO:     dup_inputs check complete (0.000018 sec).
INFO: checking missing_recorders...
INFO:     missing_recorders check complete (0.000002 sec).
INFO: checking unserializable_options...
INFO:     unserializable_options check complete (0.000092 sec).
INFO: checking comp_has_no_outputs...
INFO:     comp_has_no_outputs check complete (0.000016 sec).
INFO: checking auto_ivc_warnings...
INFO:     auto_ivc_warnings check complete (0.000001 sec).
INFO: checking out_of_order...
INFO:     out_of_order check complete (0.000073 sec).
INFO: checking system...
INFO:     system check complete (0.000005 sec).
INFO: checking solvers...
INFO:     solvers check complete (0.000052 sec).
INFO: checking dup_inputs...
INFO:     dup_inputs check complete (0.000016 sec).
INFO: checking missing_recorders...
INFO:     missing_recorders check complete (0.000001 sec).
INFO: checking unserializable_options...
INFO:     unserializable_options check complete (0.000064 sec).
INFO: checking comp_has_no_outputs...
INFO:     comp_has_no_outputs check complete (0.000015 sec).
INFO: checking auto_ivc_warnings...
INFO:     auto_ivc_warnings check complete (0.000001 sec).
INFO: checking out_of_order...
INFO:     out_of_order check complete (0.000140 sec).
INFO: checking system...
INFO:     system check complete (0.000009 sec).
INFO: checking solvers...
INFO:     solvers check complete (0.000095 sec).
INFO: checking dup_inputs...
INFO:     dup_inputs check complete (0.000018 sec).
INFO: checking missing_recorders...
INFO:     missing_recorders check complete (0.000002 sec).
INFO: checking unserializable_options...
INFO:     unserializable_options check complete (0.000107 sec).
INFO: checking comp_has_no_outputs...
INFO:     comp_has_no_outputs check complete (0.000024 sec).
INFO: checking auto_ivc_warnings...
INFO:     auto_ivc_warnings check complete (0.000001 sec).
INFO: checking out_of_order...
INFO:     out_of_order check complete (0.000086 sec).
INFO: checking system...
INFO:     system check complete (0.000008 sec).
INFO: checking solvers...
INFO:     solvers check complete (0.000076 sec).
INFO: checking dup_inputs...
INFO:     dup_inputs check complete (0.000026 sec).
INFO: checking missing_recorders...
INFO:     missing_recorders check complete (0.000004 sec).
INFO: checking unserializable_options...
INFO:     unserializable_options check complete (0.000079 sec).
INFO: checking comp_has_no_outputs...
INFO:     comp_has_no_outputs check complete (0.000017 sec).
INFO: checking auto_ivc_warnings...
INFO:     auto_ivc_warnings check complete (0.000001 sec).
INFO: checking out_of_order...
INFO:     out_of_order check complete (0.000116 sec).
INFO: checking system...
INFO:     system check complete (0.000009 sec).
INFO: checking solvers...
INFO:     solvers check complete (0.000070 sec).
INFO: checking dup_inputs...
INFO:     dup_inputs check complete (0.000017 sec).
INFO: checking missing_recorders...
INFO:     missing_recorders check complete (0.000002 sec).
INFO: checking unserializable_options...
INFO:     unserializable_options check complete (0.000090 sec).
INFO: checking comp_has_no_outputs...
INFO:     comp_has_no_outputs check complete (0.000020 sec).
INFO: checking auto_ivc_warnings...
INFO:     auto_ivc_warnings check complete (0.000001 sec).
INFO: checking out_of_order...
INFO:     out_of_order check complete (0.000081 sec).
INFO: checking system...
INFO:     system check complete (0.000007 sec).
INFO: checking solvers...
INFO:     solvers check complete (0.000063 sec).
INFO: checking dup_inputs...
INFO:     dup_inputs check complete (0.000018 sec).
INFO: checking missing_recorders...
INFO:     missing_recorders check complete (0.000002 sec).
INFO: checking unserializable_options...
INFO:     unserializable_options check complete (0.000074 sec).
INFO: checking comp_has_no_outputs...
INFO:     comp_has_no_outputs check complete (0.000015 sec).
INFO: checking auto_ivc_warnings...
INFO:     auto_ivc_warnings check complete (0.000001 sec).
INFO: checking out_of_order...
INFO:     out_of_order check complete (0.000113 sec).
INFO: checking system...
INFO:     system check complete (0.000009 sec).
INFO: checking solvers...
INFO:     solvers check complete (0.000071 sec).
INFO: checking dup_inputs...
INFO:     dup_inputs check complete (0.000018 sec).
INFO: checking missing_recorders...
INFO:     missing_recorders check complete (0.000002 sec).
INFO: checking unserializable_options...
INFO:     unserializable_options check complete (0.000088 sec).
INFO: checking comp_has_no_outputs...
INFO:     comp_has_no_outputs check complete (0.000016 sec).
INFO: checking auto_ivc_warnings...
INFO:     auto_ivc_warnings check complete (0.000001 sec).
INFO: checking out_of_order...
INFO:     out_of_order check complete (0.000074 sec).
INFO: checking system...
INFO:     system check complete (0.000005 sec).
INFO: checking solvers...
INFO:     solvers check complete (0.000054 sec).
INFO: checking dup_inputs...
INFO:     dup_inputs check complete (0.000016 sec).
INFO: checking missing_recorders...
INFO:     missing_recorders check complete (0.000001 sec).
INFO: checking unserializable_options...
INFO:     unserializable_options check complete (0.000071 sec).
INFO: checking comp_has_no_outputs...
INFO:     comp_has_no_outputs check complete (0.000013 sec).
INFO: checking auto_ivc_warnings...
INFO:     auto_ivc_warnings check complete (0.000001 sec).
INFO: checking out_of_order...
INFO:     out_of_order check complete (0.000129 sec).
INFO: checking system...
INFO:     system check complete (0.000009 sec).
INFO: checking solvers...
INFO:     solvers check complete (0.000080 sec).
INFO: checking dup_inputs...
INFO:     dup_inputs check complete (0.000021 sec).
INFO: checking missing_recorders...
INFO:     missing_recorders check complete (0.000002 sec).
INFO: checking unserializable_options...
INFO:     unserializable_options check complete (0.000095 sec).
INFO: checking comp_has_no_outputs...
INFO:     comp_has_no_outputs check complete (0.000021 sec).
INFO: checking auto_ivc_warnings...
INFO:     auto_ivc_warnings check complete (0.000003 sec).
INFO: checking out_of_order...
INFO:     out_of_order check complete (0.000075 sec).
INFO: checking system...
INFO:     system check complete (0.000006 sec).
INFO: checking solvers...
INFO:     solvers check complete (0.000063 sec).
INFO: checking dup_inputs...
INFO:     dup_inputs check complete (0.000019 sec).
INFO: checking missing_recorders...
INFO:     missing_recorders check complete (0.000002 sec).
INFO: checking unserializable_options...
INFO:     unserializable_options check complete (0.000070 sec).
INFO: checking comp_has_no_outputs...
INFO:     comp_has_no_outputs check complete (0.000017 sec).
INFO: checking auto_ivc_warnings...
INFO:     auto_ivc_warnings check complete (0.000001 sec).
INFO: checking out_of_order...
INFO:     out_of_order check complete (0.000124 sec).
INFO: checking system...
INFO:     system check complete (0.000008 sec).
INFO: checking solvers...
INFO:     solvers check complete (0.000075 sec).
INFO: checking dup_inputs...
INFO:     dup_inputs check complete (0.000018 sec).
INFO: checking missing_recorders...
INFO:     missing_recorders check complete (0.000002 sec).
INFO: checking unserializable_options...
INFO:     unserializable_options check complete (0.000094 sec).
INFO: checking comp_has_no_outputs...
INFO:     comp_has_no_outputs check complete (0.000017 sec).
INFO: checking auto_ivc_warnings...
INFO:     auto_ivc_warnings check complete (0.000002 sec).
INFO: checking out_of_order...
INFO:     out_of_order check complete (0.000071 sec).
INFO: checking system...
INFO:     system check complete (0.000007 sec).
INFO: checking solvers...
INFO:     solvers check complete (0.000061 sec).
INFO: checking dup_inputs...
INFO:     dup_inputs check complete (0.000017 sec).
INFO: checking missing_recorders...
INFO:     missing_recorders check complete (0.000001 sec).
INFO: checking unserializable_options...
INFO:     unserializable_options check complete (0.000067 sec).
INFO: checking comp_has_no_outputs...
INFO:     comp_has_no_outputs check complete (0.000013 sec).
INFO: checking auto_ivc_warnings...
INFO:     auto_ivc_warnings check complete (0.000001 sec).
INFO: checking out_of_order...
INFO:     out_of_order check complete (0.000112 sec).
INFO: checking system...
INFO:     system check complete (0.000009 sec).
INFO: checking solvers...
INFO:     solvers check complete (0.000068 sec).
INFO: checking dup_inputs...
INFO:     dup_inputs check complete (0.000018 sec).
INFO: checking missing_recorders...
INFO:     missing_recorders check complete (0.000002 sec).
INFO: checking unserializable_options...
INFO:     unserializable_options check complete (0.000087 sec).
INFO: checking comp_has_no_outputs...
INFO:     comp_has_no_outputs check complete (0.000016 sec).
INFO: checking auto_ivc_warnings...
INFO:     auto_ivc_warnings check complete (0.000001 sec).
INFO: checking out_of_order...
INFO:     out_of_order check complete (0.000075 sec).
INFO: checking system...
INFO:     system check complete (0.000006 sec).
INFO: checking solvers...
INFO:     solvers check complete (0.000060 sec).
INFO: checking dup_inputs...
INFO:     dup_inputs check complete (0.000016 sec).
INFO: checking missing_recorders...
INFO:     missing_recorders check complete (0.000002 sec).
INFO: checking unserializable_options...
INFO:     unserializable_options check complete (0.000068 sec).
INFO: checking comp_has_no_outputs...
INFO:     comp_has_no_outputs check complete (0.000014 sec).
INFO: checking auto_ivc_warnings...
INFO:     auto_ivc_warnings check complete (0.000001 sec).
INFO: checking out_of_order...
INFO:     out_of_order check complete (0.000117 sec).
INFO: checking system...
INFO:     system check complete (0.000010 sec).
INFO: checking solvers...
INFO:     solvers check complete (0.000072 sec).
INFO: checking dup_inputs...
INFO:     dup_inputs check complete (0.000019 sec).
INFO: checking missing_recorders...
INFO:     missing_recorders check complete (0.000002 sec).
INFO: checking unserializable_options...
INFO:     unserializable_options check complete (0.000098 sec).
INFO: checking comp_has_no_outputs...
INFO:     comp_has_no_outputs check complete (0.000018 sec).
INFO: checking auto_ivc_warnings...
INFO:     auto_ivc_warnings check complete (0.000001 sec).
INFO: checking out_of_order...
INFO:     out_of_order check complete (0.000090 sec).
INFO: checking system...
INFO:     system check complete (0.000007 sec).
INFO: checking solvers...
INFO:     solvers check complete (0.000062 sec).
INFO: checking dup_inputs...
INFO:     dup_inputs check complete (0.000018 sec).
INFO: checking missing_recorders...
INFO:     missing_recorders check complete (0.000002 sec).
INFO: checking unserializable_options...
INFO:     unserializable_options check complete (0.000087 sec).
INFO: checking comp_has_no_outputs...
INFO:     comp_has_no_outputs check complete (0.000018 sec).
INFO: checking auto_ivc_warnings...
INFO:     auto_ivc_warnings check complete (0.000001 sec).
INFO: checking out_of_order...
INFO:     out_of_order check complete (0.000123 sec).
INFO: checking system...
INFO:     system check complete (0.000009 sec).
INFO: checking solvers...
INFO:     solvers check complete (0.000071 sec).
INFO: checking dup_inputs...
INFO:     dup_inputs check complete (0.000021 sec).
INFO: checking missing_recorders...
INFO:     missing_recorders check complete (0.000002 sec).
INFO: checking unserializable_options...
INFO:     unserializable_options check complete (0.000133 sec).
INFO: checking comp_has_no_outputs...
INFO:     comp_has_no_outputs check complete (0.000018 sec).
INFO: checking auto_ivc_warnings...
INFO:     auto_ivc_warnings check complete (0.000001 sec).
INFO: checking out_of_order...
INFO:     out_of_order check complete (0.000088 sec).
INFO: checking system...
INFO:     system check complete (0.000007 sec).
INFO: checking solvers...
INFO:     solvers check complete (0.000065 sec).
INFO: checking dup_inputs...
INFO:     dup_inputs check complete (0.000022 sec).
INFO: checking missing_recorders...
INFO:     missing_recorders check complete (0.000002 sec).
INFO: checking unserializable_options...
INFO:     unserializable_options check complete (0.000075 sec).
INFO: checking comp_has_no_outputs...
INFO:     comp_has_no_outputs check complete (0.000018 sec).
INFO: checking auto_ivc_warnings...
INFO:     auto_ivc_warnings check complete (0.000001 sec).
INFO: checking out_of_order...
INFO:     out_of_order check complete (0.000119 sec).
INFO: checking system...
INFO:     system check complete (0.000009 sec).
INFO: checking solvers...
INFO:     solvers check complete (0.000075 sec).
INFO: checking dup_inputs...
INFO:     dup_inputs check complete (0.000018 sec).
INFO: checking missing_recorders...
INFO:     missing_recorders check complete (0.000002 sec).
INFO: checking unserializable_options...
INFO:     unserializable_options check complete (0.000114 sec).
INFO: checking comp_has_no_outputs...
INFO:     comp_has_no_outputs check complete (0.000018 sec).
INFO: checking auto_ivc_warnings...
INFO:     auto_ivc_warnings check complete (0.000001 sec).
INFO: checking out_of_order...
INFO:     out_of_order check complete (0.000075 sec).
INFO: checking system...
INFO:     system check complete (0.000007 sec).
INFO: checking solvers...
INFO:     solvers check complete (0.000065 sec).
INFO: checking dup_inputs...
INFO:     dup_inputs check complete (0.000017 sec).
INFO: checking missing_recorders...
INFO:     missing_recorders check complete (0.000002 sec).
INFO: checking unserializable_options...
INFO:     unserializable_options check complete (0.000072 sec).
INFO: checking comp_has_no_outputs...
INFO:     comp_has_no_outputs check complete (0.000013 sec).
INFO: checking auto_ivc_warnings...
INFO:     auto_ivc_warnings check complete (0.000001 sec).
INFO: checking out_of_order...
INFO:     out_of_order check complete (0.000124 sec).
INFO: checking system...
INFO:     system check complete (0.000010 sec).
INFO: checking solvers...
INFO:     solvers check complete (0.000096 sec).
INFO: checking dup_inputs...
INFO:     dup_inputs check complete (0.000022 sec).
INFO: checking missing_recorders...
INFO:     missing_recorders check complete (0.000003 sec).
INFO: checking unserializable_options...
INFO:     unserializable_options check complete (0.000110 sec).
INFO: checking comp_has_no_outputs...
INFO:     comp_has_no_outputs check complete (0.000027 sec).
INFO: checking auto_ivc_warnings...
INFO:     auto_ivc_warnings check complete (0.000003 sec).
INFO: checking out_of_order...
INFO:     out_of_order check complete (0.000086 sec).
INFO: checking system...
INFO:     system check complete (0.000007 sec).
INFO: checking solvers...
INFO:     solvers check complete (0.000065 sec).
INFO: checking dup_inputs...
INFO:     dup_inputs check complete (0.000017 sec).
INFO: checking missing_recorders...
INFO:     missing_recorders check complete (0.000002 sec).
INFO: checking unserializable_options...
INFO:     unserializable_options check complete (0.000081 sec).
INFO: checking comp_has_no_outputs...
INFO:     comp_has_no_outputs check complete (0.000016 sec).
INFO: checking auto_ivc_warnings...
INFO:     auto_ivc_warnings check complete (0.000001 sec).
INFO: checking out_of_order...
INFO:     out_of_order check complete (0.000144 sec).
INFO: checking system...
INFO:     system check complete (0.000011 sec).
INFO: checking solvers...
INFO:     solvers check complete (0.000089 sec).
INFO: checking dup_inputs...
INFO:     dup_inputs check complete (0.000024 sec).
INFO: checking missing_recorders...
INFO:     missing_recorders check complete (0.000003 sec).
INFO: checking unserializable_options...
INFO:     unserializable_options check complete (0.000119 sec).
INFO: checking comp_has_no_outputs...
INFO:     comp_has_no_outputs check complete (0.000022 sec).
INFO: checking auto_ivc_warnings...
INFO:     auto_ivc_warnings check complete (0.000002 sec).
INFO: checking out_of_order...
INFO:     out_of_order check complete (0.000093 sec).
INFO: checking system...
INFO:     system check complete (0.000008 sec).
INFO: checking solvers...
INFO:     solvers check complete (0.000068 sec).
INFO: checking dup_inputs...
INFO:     dup_inputs check complete (0.000019 sec).
INFO: checking missing_recorders...
INFO:     missing_recorders check complete (0.000003 sec).
INFO: checking unserializable_options...
INFO:     unserializable_options check complete (0.000114 sec).
INFO: checking comp_has_no_outputs...
INFO:     comp_has_no_outputs check complete (0.000020 sec).
INFO: checking auto_ivc_warnings...
INFO:     auto_ivc_warnings check complete (0.000001 sec).
INFO: checking out_of_order...
INFO:     out_of_order check complete (0.000122 sec).
INFO: checking system...
INFO:     system check complete (0.000009 sec).
INFO: checking solvers...
INFO:     solvers check complete (0.000078 sec).
INFO: checking dup_inputs...
INFO:     dup_inputs check complete (0.000018 sec).
INFO: checking missing_recorders...
INFO:     missing_recorders check complete (0.000002 sec).
INFO: checking unserializable_options...
INFO:     unserializable_options check complete (0.000115 sec).
INFO: checking comp_has_no_outputs...
INFO:     comp_has_no_outputs check complete (0.000019 sec).
INFO: checking auto_ivc_warnings...
INFO:     auto_ivc_warnings check complete (0.000001 sec).
INFO: checking out_of_order...
INFO:     out_of_order check complete (0.000083 sec).
INFO: checking system...
INFO:     system check complete (0.000008 sec).
INFO: checking solvers...
INFO:     solvers check complete (0.000063 sec).
INFO: checking dup_inputs...
INFO:     dup_inputs check complete (0.000017 sec).
INFO: checking missing_recorders...
INFO:     missing_recorders check complete (0.000002 sec).
INFO: checking unserializable_options...
INFO:     unserializable_options check complete (0.000083 sec).
INFO: checking comp_has_no_outputs...
INFO:     comp_has_no_outputs check complete (0.000016 sec).
INFO: checking auto_ivc_warnings...
INFO:     auto_ivc_warnings check complete (0.000001 sec).
